---------------Params---------------
{'cs_rate': 0.0, 'cs_tol': 0.0, 'K': 10}
---------------NMF------------------
pesq 1.23 +- 0.41
stoi 0.55 +- 0.23
------------------------------------
---------------Params---------------
{'cs_rate': 0.0, 'cs_tol': 0.0, 'K': 11}
---------------NMF------------------
pesq 1.26 +- 0.41
stoi 0.53 +- 0.20
------------------------------------
---------------Params---------------
{'cs_rate': 0.0, 'cs_tol': 0.0, 'K': 12}
---------------NMF------------------
pesq 1.36 +- 0.53
stoi 0.52 +- 0.19
------------------------------------
---------------Params---------------
{'cs_rate': 0.0, 'cs_tol': 0.0, 'K': 13}
---------------NMF------------------
pesq 1.21 +- 0.36
stoi 0.50 +- 0.19
------------------------------------
---------------Params---------------
{'cs_rate': 0.0, 'cs_tol': 0.0, 'K': 14}
---------------NMF------------------
pesq 1.23 +- 0.40
stoi 0.49 +- 0.19
------------------------------------
---------------Params---------------
{'cs_rate': 0.0, 'cs_tol': 0.0, 'K': 15}
---------------NMF------------------
pesq 1.15 +- 0.33
stoi 0.50 +- 0.20
------------------------------------
---------------Params---------------
{'cs_rate': 0.0, 'cs_tol': 0.0, 'K': 16}
---------------NMF------------------
pesq 1.11 +- 0.29
stoi 0.50 +- 0.19
------------------------------------
---------------Params---------------
{'cs_rate': 0.0, 'cs_tol': 0.0, 'K': 17}
---------------NMF------------------
pesq 1.20 +- 0.41
stoi 0.48 +- 0.19
------------------------------------
---------------Params---------------
{'cs_rate': 0.0, 'cs_tol': 0.0, 'K': 18}
---------------NMF------------------
pesq 1.20 +- 0.42
stoi 0.47 +- 0.18
------------------------------------
---------------Params---------------
{'cs_rate': 0.0, 'cs_tol': 0.0, 'K': 19}
---------------NMF------------------
pesq 1.14 +- 0.43
stoi 0.48 +- 0.18
------------------------------------
---------------Params---------------
{'cs_rate': 0.0, 'cs_tol': 0.0, 'K': 20}
---------------NMF------------------
pesq 1.24 +- 0.41
stoi 0.47 +- 0.18
------------------------------------
---------------Params---------------
{'cs_rate': 0.0, 'cs_tol': 0.0, 'K': 21}
---------------NMF------------------
pesq 1.16 +- 0.39
stoi 0.46 +- 0.18
------------------------------------
---------------Params---------------
{'cs_rate': 0.0, 'cs_tol': 0.0, 'K': 22}
---------------NMF------------------
pesq 1.28 +- 0.56
stoi 0.45 +- 0.17
------------------------------------
---------------Params---------------
{'cs_rate': 0.0, 'cs_tol': 0.0, 'K': 23}
---------------NMF------------------
pesq 1.27 +- 0.54
stoi 0.44 +- 0.16
------------------------------------
---------------Params---------------
{'cs_rate': 0.0, 'cs_tol': 0.0, 'K': 24}
---------------NMF------------------
pesq 1.16 +- 0.44
stoi 0.44 +- 0.15
------------------------------------
---------------Params---------------
{'cs_rate': 0.0, 'cs_tol': 0.0, 'K': 25}
---------------NMF------------------
pesq 1.28 +- 0.42
stoi 0.43 +- 0.16
------------------------------------
---------------Params---------------
{'cs_rate': 0.0, 'cs_tol': 0.0, 'K': 26}
---------------NMF------------------
pesq 1.30 +- 0.43
stoi 0.44 +- 0.16
------------------------------------
---------------Params---------------
{'cs_rate': 0.0, 'cs_tol': 0.0, 'K': 27}
---------------NMF------------------
pesq 1.17 +- 0.35
stoi 0.44 +- 0.16
------------------------------------
---------------Params---------------
{'cs_rate': 0.0, 'cs_tol': 0.0, 'K': 28}
---------------NMF------------------
pesq 1.16 +- 0.39
stoi 0.45 +- 0.16
------------------------------------
---------------Params---------------
{'cs_rate': 0.0, 'cs_tol': 0.0, 'K': 29}
---------------NMF------------------
pesq 1.15 +- 0.36
stoi 0.44 +- 0.16
------------------------------------
---------------Params---------------
{'cs_rate': 0.0, 'cs_tol': 0.0, 'K': 30}
---------------NMF------------------
pesq 1.18 +- 0.32
stoi 0.44 +- 0.15
------------------------------------
---------------Params---------------
{'cs_rate': 0.0, 'cs_tol': 0.0, 'K': 31}
---------------NMF------------------
pesq 1.20 +- 0.35
stoi 0.44 +- 0.15
------------------------------------
---------------Params---------------
{'cs_rate': 0.0, 'cs_tol': 0.0, 'K': 32}
---------------NMF------------------
pesq 1.24 +- 0.37
stoi 0.42 +- 0.15
------------------------------------
---------------Params---------------
{'cs_rate': 0.0, 'cs_tol': 0.0, 'K': 33}
---------------NMF------------------
pesq 1.14 +- 0.35
stoi 0.42 +- 0.14
------------------------------------
---------------Params---------------
{'cs_rate': 0.0, 'cs_tol': 0.0, 'K': 34}
---------------NMF------------------
pesq 1.12 +- 0.28
stoi 0.42 +- 0.15
------------------------------------
---------------Params---------------
{'cs_rate': 0.0, 'cs_tol': 0.0, 'K': 35}
---------------NMF------------------
pesq 1.20 +- 0.41
stoi 0.42 +- 0.15
------------------------------------
---------------Params---------------
{'cs_rate': 0.0, 'cs_tol': 0.0, 'K': 36}
---------------NMF------------------
pesq 1.24 +- 0.49
stoi 0.43 +- 0.15
------------------------------------
---------------Params---------------
{'cs_rate': 0.0, 'cs_tol': 0.0, 'K': 37}
---------------NMF------------------
pesq 1.17 +- 0.35
stoi 0.42 +- 0.14
------------------------------------
---------------Params---------------
{'cs_rate': 0.0, 'cs_tol': 0.0, 'K': 38}
---------------NMF------------------
pesq 1.21 +- 0.31
stoi 0.42 +- 0.14
------------------------------------
---------------Params---------------
{'cs_rate': 0.0, 'cs_tol': 0.0, 'K': 39}
---------------NMF------------------
pesq 1.22 +- 0.45
stoi 0.42 +- 0.14
------------------------------------
---------------Params---------------
{'cs_rate': 0.0, 'cs_tol': 0.0, 'K': 40}
---------------NMF------------------
pesq 1.16 +- 0.33
stoi 0.41 +- 0.14
------------------------------------
---------------Params---------------
{'cs_rate': 0.0, 'cs_tol': 0.0, 'K': 41}
---------------NMF------------------
pesq 1.17 +- 0.35
stoi 0.41 +- 0.14
------------------------------------
---------------Params---------------
{'cs_rate': 0.0, 'cs_tol': 0.0, 'K': 42}
---------------NMF------------------
pesq 1.22 +- 0.50
stoi 0.41 +- 0.14
------------------------------------
---------------Params---------------
{'cs_rate': 0.0, 'cs_tol': 0.0, 'K': 43}
---------------NMF------------------
pesq 1.26 +- 0.46
stoi 0.41 +- 0.13
------------------------------------
---------------Params---------------
{'cs_rate': 0.0, 'cs_tol': 0.0, 'K': 44}
---------------NMF------------------
pesq 1.13 +- 0.37
stoi 0.40 +- 0.13
------------------------------------
---------------Params---------------
{'cs_rate': 0.0, 'cs_tol': 0.0, 'K': 45}
---------------NMF------------------
pesq 1.28 +- 0.48
stoi 0.40 +- 0.13
------------------------------------
---------------Params---------------
{'cs_rate': 0.0, 'cs_tol': 0.0, 'K': 46}
---------------NMF------------------
pesq 1.13 +- 0.36
stoi 0.39 +- 0.12
------------------------------------
---------------Params---------------
{'cs_rate': 0.0, 'cs_tol': 0.0, 'K': 47}
---------------NMF------------------
pesq 1.32 +- 0.58
stoi 0.39 +- 0.12
------------------------------------
---------------Params---------------
{'cs_rate': 0.0, 'cs_tol': 0.0, 'K': 48}
---------------NMF------------------
pesq 1.23 +- 0.46
stoi 0.39 +- 0.13
------------------------------------
---------------Params---------------
{'cs_rate': 0.0, 'cs_tol': 0.0, 'K': 49}
---------------NMF------------------
pesq 1.21 +- 0.37
stoi 0.38 +- 0.13
------------------------------------
---------------Params---------------
{'cs_rate': 0.0, 'cs_tol': 0.0, 'K': 50}
---------------NMF------------------
pesq 1.21 +- 0.36
stoi 0.39 +- 0.12
------------------------------------
---------------Params---------------
{'cs_rate': 0.0, 'cs_tol': 0.0, 'K': 51}
---------------NMF------------------
pesq 1.13 +- 0.30
stoi 0.39 +- 0.12
------------------------------------
---------------Params---------------
{'cs_rate': 0.0, 'cs_tol': 0.0, 'K': 52}
---------------NMF------------------
pesq 1.19 +- 0.34
stoi 0.38 +- 0.12
------------------------------------
---------------Params---------------
{'cs_rate': 0.0, 'cs_tol': 0.0, 'K': 53}
---------------NMF------------------
pesq 1.22 +- 0.41
stoi 0.38 +- 0.11
------------------------------------
---------------Params---------------
{'cs_rate': 0.0, 'cs_tol': 0.0, 'K': 54}
---------------NMF------------------
pesq 1.13 +- 0.32
stoi 0.38 +- 0.10
------------------------------------
---------------Params---------------
{'cs_rate': 0.0, 'cs_tol': 0.0, 'K': 55}
---------------NMF------------------
pesq 1.16 +- 0.41
stoi 0.38 +- 0.11
------------------------------------
---------------Params---------------
{'cs_rate': 0.0, 'cs_tol': 0.0, 'K': 56}
---------------NMF------------------
pesq 1.26 +- 0.39
stoi 0.36 +- 0.11
------------------------------------
---------------Params---------------
{'cs_rate': 0.0, 'cs_tol': 0.0, 'K': 57}
---------------NMF------------------
pesq 1.18 +- 0.42
stoi 0.37 +- 0.11
------------------------------------
---------------Params---------------
{'cs_rate': 0.0, 'cs_tol': 0.0, 'K': 58}
---------------NMF------------------
pesq 1.16 +- 0.39
stoi 0.37 +- 0.10
------------------------------------
---------------Params---------------
{'cs_rate': 0.0, 'cs_tol': 0.0, 'K': 59}
---------------NMF------------------
pesq 1.15 +- 0.38
stoi 0.36 +- 0.10
------------------------------------
---------------Params---------------
{'cs_rate': 0.0, 'cs_tol': 0.0, 'K': 60}
---------------NMF------------------
pesq 1.30 +- 0.45
stoi 0.35 +- 0.10
------------------------------------
---------------Params---------------
{'cs_rate': 0.0, 'cs_tol': 0.0, 'K': 61}
---------------NMF------------------
pesq 1.09 +- 0.31
stoi 0.35 +- 0.10
------------------------------------
---------------Params---------------
{'cs_rate': 0.0, 'cs_tol': 0.0, 'K': 62}
---------------NMF------------------
pesq 1.16 +- 0.42
stoi 0.35 +- 0.10
------------------------------------
---------------Params---------------
{'cs_rate': 0.0, 'cs_tol': 0.0, 'K': 63}
---------------NMF------------------
pesq 1.24 +- 0.37
stoi 0.33 +- 0.10
------------------------------------
---------------Params---------------
{'cs_rate': 0.0, 'cs_tol': 0.0, 'K': 64}
---------------NMF------------------
pesq 1.22 +- 0.48
stoi 0.35 +- 0.10
------------------------------------
---------------Params---------------
{'cs_rate': 0.0, 'cs_tol': 0.0, 'K': 65}
---------------NMF------------------
pesq 1.27 +- 0.42
stoi 0.33 +- 0.11
------------------------------------
